<?xml version="1.0" encoding="UTF-8"?>
<!-- Generated by org.testng.reporters.JUnitXMLReporter -->
<testsuite hostname="LAPTOP-EAN7OGTB" ignored="0" name="BankingAppTest" tests="2" failures="0" timestamp="21 Feb 2019 00:34:13 GMT" time="31.079" errors="0">
  <testcase name="loginTest" time="0.986" classname="com.inetbanking.testCases.TC_LoginTest_001"/>
  <testcase name="addNewCustomer" time="15.882" classname="com.inetbanking.testCases.TC_AddCustomerTest_003"/>
</testsuite> <!-- BankingAppTest -->
